<?xml version="1.0" encoding="UTF-8"?>
<testng-results ignored="0" total="5" passed="5" failed="0" skipped="0">
  <reporter-output>
  </reporter-output>
  <suite started-at="2025-02-01T20:05:39 IST" name="Suite" finished-at="2025-02-01T20:08:37 IST" duration-ms="178008">
    <groups>
      <group name="Master">
        <method signature="TC02_LoginTest.verify_Login()[pri:0, instance:testCases.TC02_LoginTest@57c03d88]" name="verify_Login" class="testCases.TC02_LoginTest"/>
        <method signature="TC05_BrokenLink.validateBrokenLinks()[pri:0, instance:testCases.TC05_BrokenLink@2a3888c1]" name="validateBrokenLinks" class="testCases.TC05_BrokenLink"/>
      </group> <!-- Master -->
      <group name="Sanity">
        <method signature="TC03_SearchTest.testSearchFunctionality(java.lang.String,boolean)[pri:0, instance:testCases.TC03_SearchTest@58594a11]" name="testSearchFunctionality" class="testCases.TC03_SearchTest"/>
        <method signature="TC05_BrokenLink.validateBrokenLinks()[pri:0, instance:testCases.TC05_BrokenLink@2a3888c1]" name="validateBrokenLinks" class="testCases.TC05_BrokenLink"/>
      </group> <!-- Sanity -->
      <group name="Regression">
        <method signature="TC02_LoginTest.verify_Login()[pri:0, instance:testCases.TC02_LoginTest@57c03d88]" name="verify_Login" class="testCases.TC02_LoginTest"/>
        <method signature="TC03_SearchTest.testSearchFunctionality(java.lang.String,boolean)[pri:0, instance:testCases.TC03_SearchTest@58594a11]" name="testSearchFunctionality" class="testCases.TC03_SearchTest"/>
      </group> <!-- Regression -->
    </groups>
    <test started-at="2025-02-01T20:05:39 IST" name="Test" finished-at="2025-02-01T20:08:37 IST" duration-ms="178008">
      <class name="testCases.TC03_SearchTest">
        <test-method is-config="true" signature="setup(java.lang.String)[pri:0, instance:testCases.TC03_SearchTest@58594a11]" started-at="2025-02-01T20:05:49 IST" name="setup" finished-at="2025-02-01T20:06:02 IST" duration-ms="13133" status="PASS">
          <params>
            <param index="0">
              <value>
                <![CDATA[chrome]]>
              </value>
            </param>
          </params>
          <reporter-output>
          </reporter-output>
        </test-method> <!-- setup -->
        <test-method signature="testSearchFunctionality(java.lang.String,boolean)[pri:0, instance:testCases.TC03_SearchTest@58594a11]" started-at="2025-02-01T20:06:02 IST" name="testSearchFunctionality" data-provider="searchData" finished-at="2025-02-01T20:06:08 IST" duration-ms="5514" status="PASS">
          <params>
            <param index="0">
              <value>
                <![CDATA[Samsung]]>
              </value>
            </param>
            <param index="1">
              <value>
                <![CDATA[true]]>
              </value>
            </param>
          </params>
          <reporter-output>
          </reporter-output>
        </test-method> <!-- testSearchFunctionality -->
        <test-method signature="testSearchFunctionality(java.lang.String,boolean)[pri:0, instance:testCases.TC03_SearchTest@58594a11]" started-at="2025-02-01T20:06:08 IST" name="testSearchFunctionality" data-provider="searchData" finished-at="2025-02-01T20:06:08 IST" duration-ms="600" status="PASS">
          <params>
            <param index="0">
              <value>
                <![CDATA[iphone]]>
              </value>
            </param>
            <param index="1">
              <value>
                <![CDATA[true]]>
              </value>
            </param>
          </params>
          <reporter-output>
          </reporter-output>
        </test-method> <!-- testSearchFunctionality -->
        <test-method signature="testSearchFunctionality(java.lang.String,boolean)[pri:0, instance:testCases.TC03_SearchTest@58594a11]" started-at="2025-02-01T20:06:08 IST" name="testSearchFunctionality" data-provider="searchData" finished-at="2025-02-01T20:06:09 IST" duration-ms="1159" status="PASS">
          <params>
            <param index="0">
              <value>
                <![CDATA[Macbook]]>
              </value>
            </param>
            <param index="1">
              <value>
                <![CDATA[true]]>
              </value>
            </param>
          </params>
          <reporter-output>
          </reporter-output>
        </test-method> <!-- testSearchFunctionality -->
        <test-method is-config="true" signature="teardown()[pri:0, instance:testCases.TC03_SearchTest@58594a11]" started-at="2025-02-01T20:06:09 IST" name="teardown" finished-at="2025-02-01T20:06:09 IST" duration-ms="107" status="PASS">
          <reporter-output>
          </reporter-output>
        </test-method> <!-- teardown -->
      </class> <!-- testCases.TC03_SearchTest -->
      <class name="testCases.TC05_BrokenLink">
        <test-method is-config="true" signature="setup(java.lang.String)[pri:0, instance:testCases.TC05_BrokenLink@2a3888c1]" started-at="2025-02-01T20:06:09 IST" name="setup" finished-at="2025-02-01T20:06:16 IST" duration-ms="6613" status="PASS">
          <params>
            <param index="0">
              <value>
                <![CDATA[chrome]]>
              </value>
            </param>
          </params>
          <reporter-output>
          </reporter-output>
        </test-method> <!-- setup -->
        <test-method signature="validateBrokenLinks()[pri:0, instance:testCases.TC05_BrokenLink@2a3888c1]" started-at="2025-02-01T20:06:16 IST" name="validateBrokenLinks" finished-at="2025-02-01T20:08:36 IST" duration-ms="140468" status="PASS">
          <reporter-output>
          </reporter-output>
        </test-method> <!-- validateBrokenLinks -->
        <test-method is-config="true" signature="teardown()[pri:0, instance:testCases.TC05_BrokenLink@2a3888c1]" started-at="2025-02-01T20:08:36 IST" name="teardown" finished-at="2025-02-01T20:08:37 IST" duration-ms="114" status="PASS">
          <reporter-output>
          </reporter-output>
        </test-method> <!-- teardown -->
      </class> <!-- testCases.TC05_BrokenLink -->
      <class name="testCases.TC02_LoginTest">
        <test-method is-config="true" signature="setup(java.lang.String)[pri:0, instance:testCases.TC02_LoginTest@57c03d88]" started-at="2025-02-01T20:05:39 IST" name="setup" finished-at="2025-02-01T20:05:46 IST" duration-ms="7811" status="PASS">
          <params>
            <param index="0">
              <value>
                <![CDATA[chrome]]>
              </value>
            </param>
          </params>
          <reporter-output>
          </reporter-output>
        </test-method> <!-- setup -->
        <test-method signature="verify_Login()[pri:0, instance:testCases.TC02_LoginTest@57c03d88]" started-at="2025-02-01T20:05:46 IST" name="verify_Login" finished-at="2025-02-01T20:05:49 IST" duration-ms="2345" status="PASS">
          <reporter-output>
          </reporter-output>
        </test-method> <!-- verify_Login -->
        <test-method is-config="true" signature="teardown()[pri:0, instance:testCases.TC02_LoginTest@57c03d88]" started-at="2025-02-01T20:05:49 IST" name="teardown" finished-at="2025-02-01T20:05:49 IST" duration-ms="116" status="PASS">
          <reporter-output>
          </reporter-output>
        </test-method> <!-- teardown -->
      </class> <!-- testCases.TC02_LoginTest -->
    </test> <!-- Test -->
  </suite> <!-- Suite -->
</testng-results>
