<?xml version="1.0" encoding="UTF-8"?>
<testng-results ignored="0" total="1" passed="1" failed="0" skipped="0">
  <reporter-output>
  </reporter-output>
  <suite started-at="2025-01-28T15:14:35 IST" name="Suite" finished-at="2025-01-28T15:14:41 IST" duration-ms="5762">
    <groups>
      <group name="Master">
        <method signature="TC02_LoginTest.verify_Login()[pri:0, instance:testCases.TC02_LoginTest@1e81f160]" name="verify_Login" class="testCases.TC02_LoginTest"/>
      </group> <!-- Master -->
      <group name="Regression">
        <method signature="TC02_LoginTest.verify_Login()[pri:0, instance:testCases.TC02_LoginTest@1e81f160]" name="verify_Login" class="testCases.TC02_LoginTest"/>
      </group> <!-- Regression -->
    </groups>
    <test started-at="2025-01-28T15:14:35 IST" name="Test" finished-at="2025-01-28T15:14:41 IST" duration-ms="5762">
      <class name="testCases.TC02_LoginTest">
        <test-method is-config="true" signature="setup(java.lang.String)[pri:0, instance:testCases.TC02_LoginTest@1e81f160]" started-at="2025-01-28T15:14:35 IST" name="setup" finished-at="2025-01-28T15:14:39 IST" duration-ms="3475" status="PASS">
          <params>
            <param index="0">
              <value>
                <![CDATA[chrome]]>
              </value>
            </param>
          </params>
          <reporter-output>
          </reporter-output>
        </test-method> <!-- setup -->
        <test-method signature="verify_Login()[pri:0, instance:testCases.TC02_LoginTest@1e81f160]" started-at="2025-01-28T15:14:39 IST" name="verify_Login" finished-at="2025-01-28T15:14:41 IST" duration-ms="2162" status="PASS">
          <reporter-output>
          </reporter-output>
        </test-method> <!-- verify_Login -->
        <test-method is-config="true" signature="teardown()[pri:0, instance:testCases.TC02_LoginTest@1e81f160]" started-at="2025-01-28T15:14:41 IST" name="teardown" finished-at="2025-01-28T15:14:41 IST" duration-ms="106" status="PASS">
          <reporter-output>
          </reporter-output>
        </test-method> <!-- teardown -->
      </class> <!-- testCases.TC02_LoginTest -->
    </test> <!-- Test -->
  </suite> <!-- Suite -->
</testng-results>
