<?xml version="1.0" encoding="UTF-8"?>
<!-- Generated by org.testng.reporters.JUnitXMLReporter -->
<testsuite ignored="0" hostname="DESKTOP-Q9C9C9J" failures="0" tests="5" name="Test" time="178.008" errors="0" timestamp="2025-02-01T20:08:37 IST">
  <testcase classname="testCases.TC02_LoginTest" name="verify_Login" time="2.345"/>
  <testcase classname="testCases.TC03_SearchTest" name="testSearchFunctionality" time="5.514"/>
  <testcase classname="testCases.TC03_SearchTest" name="testSearchFunctionality" time="0.6"/>
  <testcase classname="testCases.TC03_SearchTest" name="testSearchFunctionality" time="1.159"/>
  <testcase classname="testCases.TC05_BrokenLink" name="validateBrokenLinks" time="140.468"/>
</testsuite> <!-- Test -->
